\BOOKMARK [1][-]{section.1}{\376\377\230\171\166\356\151\202\217\360}{}% 1
\BOOKMARK [2][-]{subsection.1.1}{\376\377\230\171\166\356\200\314\146\157}{section.1}% 2
\BOOKMARK [2][-]{subsection.1.2}{\376\377\230\171\166\356\122\237\200\375\151\202\217\360}{section.1}% 3
\BOOKMARK [3][-]{subsubsection.1.2.1}{\376\377\145\131\136\010\117\341\140\157\173\241\164\006}{subsection.1.2}% 4
\BOOKMARK [3][-]{subsubsection.1.2.2}{\376\377\133\146\165\037\117\341\140\157\173\241\164\006}{subsection.1.2}% 5
\BOOKMARK [3][-]{subsubsection.1.2.3}{\376\377\213\376\172\013\137\000\213\276}{subsection.1.2}% 6
\BOOKMARK [3][-]{subsubsection.1.2.4}{\376\377\166\173\226\106\000/\166\173\121\372\174\373\176\337}{subsection.1.2}% 7
\BOOKMARK [3][-]{subsubsection.1.2.5}{\376\377\133\146\165\037\220\011\000/\220\000\213\376}{subsection.1.2}% 8
\BOOKMARK [3][-]{subsubsection.1.2.6}{\376\377\220\011\213\376\116\213\122\241\165\063\213\367}{subsection.1.2}% 9
\BOOKMARK [3][-]{subsubsection.1.2.7}{\376\377\166\173\122\006}{subsection.1.2}% 10
\BOOKMARK [2][-]{subsection.1.3}{\376\377\230\171\166\356\152\041\127\127\122\022\122\006}{section.1}% 11
\BOOKMARK [2][-]{subsection.1.4}{\376\377\230\171\166\356\165\050\142\067\162\171\137\201}{section.1}% 12
\BOOKMARK [3][-]{subsubsection.1.4.1}{\376\377\145\131\136\010}{subsection.1.4}% 13
\BOOKMARK [3][-]{subsubsection.1.4.2}{\376\377\133\146\165\037}{subsection.1.4}% 14
\BOOKMARK [3][-]{subsubsection.1.4.3}{\376\377\173\241\164\006\124\130\000/\226\142\174\373}{subsection.1.4}% 15
\BOOKMARK [2][-]{subsection.1.5}{\376\377\137\000\123\321\150\106\147\266}{section.1}% 16
\BOOKMARK [1][-]{section.2}{\376\377\176\306\123\026\122\237\200\375\227\000\154\102}{}% 17
\BOOKMARK [2][-]{subsection.2.1}{\376\377\226\120\122\066\150\300\147\345}{section.2}% 18
\BOOKMARK [3][-]{subsubsection.2.1.1}{\376\377\137\000\213\276\213\376\172\013}{subsection.2.1}% 19
\BOOKMARK [3][-]{subsubsection.2.1.2}{\376\377\220\011\117\356\213\376\172\013}{subsection.2.1}% 20
\BOOKMARK [3][-]{subsubsection.2.1.3}{\376\377\220\011\213\376\165\063\213\367}{subsection.2.1}% 21
\BOOKMARK [2][-]{subsection.2.2}{\376\377\155\113\213\325\227\000\154\102}{section.2}% 22
